# JRE version: OpenJDK Runtime Environment Temurin-17.0.3+7 (17.0.3+7) (build 17.0.3+7)
# Java VM: OpenJDK 64-Bit Server VM Temurin-17.0.3+7 (17.0.3+7, mixed mode, tiered, compressed oops, compressed class ptrs, g1 gc, windows-amd64)
GC Precious Log:
 CPUs: 8 total, 8 available
 Memory: 7569M
 Large Page Support: Disabled
 NUMA Support: Disabled
 Compressed Oops: Enabled (32-bit)
 Heap Region Size: 1M
 Heap Min Capacity: 8M
 Heap Initial Capacity: 120M
 Heap Max Capacity: 1894M
 Pre-touch: Disabled
 Parallel Workers: 8
 Concurrent Workers: 2
 Concurrent Refinement Workers: 8
 Periodic GC: Disabled
Heap:
 garbage-first heap   total 124928K, used 50611K [0x0000000089a00000, 0x0000000100000000)
  region size 1024K, 12 young (12288K), 5 survivors (5120K)
 Metaspace       used 90733K, committed 91392K, reserved 1130496K
  class space    used 11504K, committed 11840K, reserved 1048576K
GC Heap History (20 events):
Event: 8.655 GC heap before
{Heap before GC invocations=30 (full 0):
 garbage-first heap   total 71680K, used 32171K [0x0000000089a00000, 0x0000000100000000)
  region size 1024K, 4 young (4096K), 3 survivors (3072K)
 Metaspace       used 62207K, committed 62656K, reserved 1105920K
  class space    used 7546K, committed 7744K, reserved 1048576K
}
Event: 8.659 GC heap after
{Heap after GC invocations=31 (full 0):
 garbage-first heap   total 71680K, used 30822K [0x0000000089a00000, 0x0000000100000000)
  region size 1024K, 1 young (1024K), 1 survivors (1024K)
 Metaspace       used 62207K, committed 62656K, reserved 1105920K
  class space    used 7546K, committed 7744K, reserved 1048576K
}
Event: 8.969 GC heap before
{Heap before GC invocations=31 (full 0):
 garbage-first heap   total 71680K, used 60518K [0x0000000089a00000, 0x0000000100000000)
  region size 1024K, 31 young (31744K), 1 survivors (1024K)
 Metaspace       used 65609K, committed 66112K, reserved 1114112K
  class space    used 8099K, committed 8320K, reserved 1048576K
}
Event: 8.971 GC heap after
{Heap after GC invocations=32 (full 0):
 garbage-first heap   total 71680K, used 31128K [0x0000000089a00000, 0x0000000100000000)
  region size 1024K, 1 young (1024K), 1 survivors (1024K)
 Metaspace       used 65609K, committed 66112K, reserved 1114112K
  class space    used 8099K, committed 8320K, reserved 1048576K
}
Event: 9.248 GC heap before
{Heap before GC invocations=32 (full 0):
 garbage-first heap   total 71680K, used 60824K [0x0000000089a00000, 0x0000000100000000)
  region size 1024K, 30 young (30720K), 1 survivors (1024K)
 Metaspace       used 68657K, committed 69184K, reserved 1114112K
  class space    used 8590K, committed 8832K, reserved 1048576K
}
Event: 9.250 GC heap after
{Heap after GC invocations=33 (full 0):
 garbage-first heap   total 71680K, used 31329K [0x0000000089a00000, 0x0000000100000000)
  region size 1024K, 1 young (1024K), 1 survivors (1024K)
 Metaspace       used 68657K, committed 69184K, reserved 1114112K
  class space    used 8590K, committed 8832K, reserved 1048576K
}
Event: 9.550 GC heap before
{Heap before GC invocations=33 (full 0):
 garbage-first heap   total 71680K, used 62049K [0x0000000089a00000, 0x0000000100000000)
  region size 1024K, 31 young (31744K), 1 survivors (1024K)
 Metaspace       used 71595K, committed 72128K, reserved 1114112K
  class space    used 9056K, committed 9344K, reserved 1048576K
}
Event: 9.552 GC heap after
{Heap after GC invocations=34 (full 0):
 garbage-first heap   total 71680K, used 31722K [0x0000000089a00000, 0x0000000100000000)
  region size 1024K, 2 young (2048K), 2 survivors (2048K)
 Metaspace       used 71595K, committed 72128K, reserved 1114112K
  class space    used 9056K, committed 9344K, reserved 1048576K
}
Event: 9.883 GC heap before
{Heap before GC invocations=34 (full 0):
 garbage-first heap   total 71680K, used 61418K [0x0000000089a00000, 0x0000000100000000)
  region size 1024K, 31 young (31744K), 2 survivors (2048K)
 Metaspace       used 73329K, committed 73856K, reserved 1114112K
  class space    used 9268K, committed 9536K, reserved 1048576K
}
Event: 9.887 GC heap after
{Heap after GC invocations=35 (full 0):
 garbage-first heap   total 71680K, used 32929K [0x0000000089a00000, 0x0000000100000000)
  region size 1024K, 3 young (3072K), 3 survivors (3072K)
 Metaspace       used 73329K, committed 73856K, reserved 1114112K
  class space    used 9268K, committed 9536K, reserved 1048576K
}
Event: 10.195 GC heap before
{Heap before GC invocations=35 (full 0):
 garbage-first heap   total 71680K, used 60577K [0x0000000089a00000, 0x0000000100000000)
  region size 1024K, 30 young (30720K), 3 survivors (3072K)
 Metaspace       used 75003K, committed 75520K, reserved 1122304K
  class space    used 9464K, committed 9728K, reserved 1048576K
}
Event: 10.200 GC heap after
{Heap after GC invocations=36 (full 0):
 garbage-first heap   total 124928K, used 34297K [0x0000000089a00000, 0x0000000100000000)
  region size 1024K, 4 young (4096K), 4 survivors (4096K)
 Metaspace       used 75003K, committed 75520K, reserved 1122304K
  class space    used 9464K, committed 9728K, reserved 1048576K
}
Event: 11.000 GC heap before
{Heap before GC invocations=36 (full 0):
 garbage-first heap   total 124928K, used 103929K [0x0000000089a00000, 0x0000000100000000)
  region size 1024K, 72 young (73728K), 4 survivors (4096K)
 Metaspace       used 79557K, committed 80128K, reserved 1122304K
  class space    used 10092K, committed 10368K, reserved 1048576K
}
Event: 11.008 GC heap after
{Heap after GC invocations=37 (full 0):
 garbage-first heap   total 124928K, used 36926K [0x0000000089a00000, 0x0000000100000000)
  region size 1024K, 6 young (6144K), 6 survivors (6144K)
 Metaspace       used 79557K, committed 80128K, reserved 1122304K
  class space    used 10092K, committed 10368K, reserved 1048576K
}
Event: 11.814 GC heap before
{Heap before GC invocations=37 (full 0):
 garbage-first heap   total 124928K, used 102462K [0x0000000089a00000, 0x0000000100000000)
  region size 1024K, 70 young (71680K), 6 survivors (6144K)
 Metaspace       used 81956K, committed 82496K, reserved 1122304K
  class space    used 10431K, committed 10688K, reserved 1048576K
}
Event: 11.821 GC heap after
{Heap after GC invocations=38 (full 0):
 garbage-first heap   total 124928K, used 39953K [0x0000000089a00000, 0x0000000100000000)
  region size 1024K, 7 young (7168K), 7 survivors (7168K)
 Metaspace       used 81956K, committed 82496K, reserved 1122304K
  class space    used 10431K, committed 10688K, reserved 1048576K
}
Event: 25.512 GC heap before
{Heap before GC invocations=38 (full 0):
 garbage-first heap   total 124928K, used 101393K [0x0000000089a00000, 0x0000000100000000)
  region size 1024K, 68 young (69632K), 7 survivors (7168K)
 Metaspace       used 87032K, committed 87616K, reserved 1130496K
  class space    used 11062K, committed 11328K, reserved 1048576K
}
Event: 25.524 GC heap after
{Heap after GC invocations=39 (full 0):
 garbage-first heap   total 124928K, used 43203K [0x0000000089a00000, 0x0000000100000000)
  region size 1024K, 7 young (7168K), 7 survivors (7168K)
 Metaspace       used 87032K, committed 87616K, reserved 1130496K
  class space    used 11062K, committed 11328K, reserved 1048576K
}
Event: 101.484 GC heap before
{Heap before GC invocations=39 (full 0):
 garbage-first heap   total 124928K, used 102595K [0x0000000089a00000, 0x0000000100000000)
  region size 1024K, 65 young (66560K), 7 survivors (7168K)
 Metaspace       used 90457K, committed 91008K, reserved 1130496K
  class space    used 11458K, committed 11712K, reserved 1048576K
}
Event: 101.493 GC heap after
{Heap after GC invocations=40 (full 0):
 garbage-first heap   total 124928K, used 44467K [0x0000000089a00000, 0x0000000100000000)
  region size 1024K, 5 young (5120K), 5 survivors (5120K)
 Metaspace       used 90457K, committed 91008K, reserved 1130496K
  class space    used 11458K, committed 11712K, reserved 1048576K
}

